{"C:\\Users\\rbard\\Escritorio\\Proyecto_lambda\\serverless\\src\\controllers\\getCharacters.ts": {"path":"C:\\Users\\rbard\\Escritorio\\Proyecto_lambda\\serverless\\src\\controllers\\getCharacters.ts","statementMap":{"0":{"start":{"line":2,"column":0},"end":{"line":2,"column":72}},"1":{"start":{"line":4,"column":23},"end":{"line":22,"column":1}},"2":{"start":{"line":5,"column":2},"end":{"line":21,"column":3}},"3":{"start":{"line":7,"column":24},"end":{"line":7,"column":63}},"4":{"start":{"line":10,"column":23},"end":{"line":10,"column":62}},"5":{"start":{"line":12,"column":4},"end":{"line":15,"column":6}},"6":{"start":{"line":17,"column":4},"end":{"line":20,"column":6}},"7":{"start":{"line":4,"column":13},"end":{"line":4,"column":23}}},"fnMap":{"0":{"name":"(anonymous_0)","decl":{"start":{"line":4,"column":23},"end":{"line":4,"column":28}},"loc":{"start":{"line":4,"column":93},"end":{"line":22,"column":1}}}},"branchMap":{"0":{"loc":{"start":{"line":7,"column":24},"end":{"line":7,"column":63}},"type":"binary-expr","locations":[{"start":{"line":7,"column":24},"end":{"line":7,"column":57}},{"start":{"line":7,"column":61},"end":{"line":7,"column":63}}]},"1":{"loc":{"start":{"line":7,"column":24},"end":{"line":7,"column":57}},"type":"cond-expr","locations":[{"start":{"line":7,"column":51},"end":{"line":7,"column":53}},{"start":{"line":7,"column":51},"end":{"line":7,"column":57}}]},"2":{"loc":{"start":{"line":7,"column":24},"end":{"line":7,"column":53}},"type":"binary-expr","locations":[{"start":{"line":7,"column":24},"end":{"line":7,"column":53}},{"start":{"line":7,"column":51},"end":{"line":7,"column":53}}]},"3":{"loc":{"start":{"line":19,"column":38},"end":{"line":19,"column":52}},"type":"cond-expr","locations":[{"start":{"line":19,"column":43},"end":{"line":19,"column":45}},{"start":{"line":19,"column":38},"end":{"line":19,"column":52}}]},"4":{"loc":{"start":{"line":19,"column":38},"end":{"line":19,"column":45}},"type":"binary-expr","locations":[{"start":{"line":19,"column":38},"end":{"line":19,"column":45}},{"start":{"line":19,"column":38},"end":{"line":19,"column":45}}]}},"s":{"0":1,"1":1,"2":2,"3":2,"4":2,"5":1,"6":1,"7":1},"f":{"0":2},"b":{"0":[2,1],"1":[0,2],"2":[2,2],"3":[0,1],"4":[1,1]}}
,"C:\\Users\\rbard\\Escritorio\\Proyecto_lambda\\serverless\\src\\repositories\\characterRepository.ts": {"path":"C:\\Users\\rbard\\Escritorio\\Proyecto_lambda\\serverless\\src\\repositories\\characterRepository.ts","statementMap":{"0":{"start":{"line":1,"column":0},"end":{"line":1,"column":58}},"1":{"start":{"line":4,"column":17},"end":{"line":4,"column":37}},"2":{"start":{"line":6,"column":37},"end":{"line":30,"column":1}},"3":{"start":{"line":7,"column":19},"end":{"line":28,"column":6}},"4":{"start":{"line":29,"column":4},"end":{"line":29,"column":42}},"5":{"start":{"line":6,"column":13},"end":{"line":6,"column":37}}},"fnMap":{"0":{"name":"(anonymous_0)","decl":{"start":{"line":6,"column":37},"end":{"line":6,"column":42}},"loc":{"start":{"line":6,"column":68},"end":{"line":30,"column":1}}}},"branchMap":{},"s":{"0":2,"1":2,"2":2,"3":1,"4":1,"5":2},"f":{"0":1},"b":{}}
,"C:\\Users\\rbard\\Escritorio\\Proyecto_lambda\\serverless\\src\\repositories\\saveCharacters.ts": {"path":"C:\\Users\\rbard\\Escritorio\\Proyecto_lambda\\serverless\\src\\repositories\\saveCharacters.ts","statementMap":{"0":{"start":{"line":1,"column":0},"end":{"line":1,"column":35}},"1":{"start":{"line":4,"column":17},"end":{"line":4,"column":46}},"2":{"start":{"line":5,"column":18},"end":{"line":5,"column":38}},"3":{"start":{"line":6,"column":33},"end":{"line":6,"column":44}},"4":{"start":{"line":8,"column":32},"end":{"line":39,"column":1}},"5":{"start":{"line":9,"column":32},"end":{"line":9,"column":40}},"6":{"start":{"line":9,"column":67},"end":{"line":9,"column":78}},"7":{"start":{"line":10,"column":53},"end":{"line":21,"column":4}},"8":{"start":{"line":23,"column":2},"end":{"line":37,"column":3}},"9":{"start":{"line":24,"column":17},"end":{"line":24,"column":55}},"10":{"start":{"line":26,"column":4},"end":{"line":34,"column":5}},"11":{"start":{"line":28,"column":6},"end":{"line":28,"column":39}},"12":{"start":{"line":32,"column":6},"end":{"line":32,"column":18}},"13":{"start":{"line":36,"column":4},"end":{"line":36,"column":51}},"14":{"start":{"line":8,"column":13},"end":{"line":8,"column":32}}},"fnMap":{"0":{"name":"(anonymous_0)","decl":{"start":{"line":8,"column":32},"end":{"line":8,"column":37}},"loc":{"start":{"line":8,"column":91},"end":{"line":39,"column":1}}}},"branchMap":{"0":{"loc":{"start":{"line":26,"column":4},"end":{"line":34,"column":5}},"type":"if","locations":[{"start":{"line":26,"column":4},"end":{"line":34,"column":5}},{"start":{"line":30,"column":11},"end":{"line":34,"column":5}}]},"1":{"loc":{"start":{"line":26,"column":8},"end":{"line":26,"column":43}},"type":"binary-expr","locations":[{"start":{"line":26,"column":8},"end":{"line":26,"column":18}},{"start":{"line":26,"column":22},"end":{"line":26,"column":43}}]}},"s":{"0":3,"1":3,"2":3,"3":3,"4":3,"5":1,"6":1,"7":1,"8":1,"9":1,"10":1,"11":1,"12":0,"13":0,"14":3},"f":{"0":1},"b":{"0":[1,0],"1":[1,1]}}
,"C:\\Users\\rbard\\Escritorio\\Proyecto_lambda\\serverless\\src\\services\\characterService.ts": {"path":"C:\\Users\\rbard\\Escritorio\\Proyecto_lambda\\serverless\\src\\services\\characterService.ts","statementMap":{"0":{"start":{"line":1,"column":0},"end":{"line":1,"column":76}},"1":{"start":{"line":3,"column":0},"end":{"line":3,"column":36}},"2":{"start":{"line":5,"column":26},"end":{"line":15,"column":1}},"3":{"start":{"line":7,"column":4},"end":{"line":12,"column":5}},"4":{"start":{"line":11,"column":8},"end":{"line":11,"column":54}},"5":{"start":{"line":14,"column":4},"end":{"line":14,"column":16}},"6":{"start":{"line":17,"column":31},"end":{"line":38,"column":1}},"7":{"start":{"line":18,"column":4},"end":{"line":37,"column":5}},"8":{"start":{"line":20,"column":8},"end":{"line":20,"column":37}},"9":{"start":{"line":23,"column":28},"end":{"line":23,"column":52}},"10":{"start":{"line":24,"column":28},"end":{"line":24,"column":36}},"11":{"start":{"line":26,"column":8},"end":{"line":26,"column":44}},"12":{"start":{"line":27,"column":8},"end":{"line":27,"column":39}},"13":{"start":{"line":28,"column":8},"end":{"line":28,"column":40}},"14":{"start":{"line":31,"column":8},"end":{"line":31,"column":47}},"15":{"start":{"line":33,"column":8},"end":{"line":33,"column":60}},"16":{"start":{"line":36,"column":8},"end":{"line":36,"column":74}},"17":{"start":{"line":17,"column":13},"end":{"line":17,"column":31}}},"fnMap":{"0":{"name":"(anonymous_0)","decl":{"start":{"line":5,"column":26},"end":{"line":5,"column":27}},"loc":{"start":{"line":5,"column":51},"end":{"line":15,"column":1}}},"1":{"name":"(anonymous_1)","decl":{"start":{"line":17,"column":31},"end":{"line":17,"column":36}},"loc":{"start":{"line":17,"column":62},"end":{"line":38,"column":1}}}},"branchMap":{"0":{"loc":{"start":{"line":7,"column":4},"end":{"line":12,"column":5}},"type":"if","locations":[{"start":{"line":7,"column":4},"end":{"line":12,"column":5}}]},"1":{"loc":{"start":{"line":7,"column":8},"end":{"line":10,"column":84}},"type":"binary-expr","locations":[{"start":{"line":7,"column":8},"end":{"line":7,"column":25}},{"start":{"line":7,"column":29},"end":{"line":7,"column":46}},{"start":{"line":7,"column":50},"end":{"line":7,"column":65}},{"start":{"line":7,"column":69},"end":{"line":7,"column":96}},{"start":{"line":8,"column":15},"end":{"line":8,"column":39}},{"start":{"line":8,"column":43},"end":{"line":8,"column":67}},{"start":{"line":8,"column":71},"end":{"line":8,"column":99}},{"start":{"line":9,"column":15},"end":{"line":9,"column":32}},{"start":{"line":9,"column":36},"end":{"line":9,"column":64}},{"start":{"line":9,"column":68},"end":{"line":9,"column":88}},{"start":{"line":9,"column":92},"end":{"line":9,"column":111}},{"start":{"line":10,"column":15},"end":{"line":10,"column":35}},{"start":{"line":10,"column":39},"end":{"line":10,"column":66}},{"start":{"line":10,"column":70},"end":{"line":10,"column":84}}]},"2":{"loc":{"start":{"line":36,"column":58},"end":{"line":36,"column":72}},"type":"cond-expr","locations":[{"start":{"line":36,"column":63},"end":{"line":36,"column":65}},{"start":{"line":36,"column":58},"end":{"line":36,"column":72}}]},"3":{"loc":{"start":{"line":36,"column":58},"end":{"line":36,"column":65}},"type":"binary-expr","locations":[{"start":{"line":36,"column":58},"end":{"line":36,"column":65}},{"start":{"line":36,"column":58},"end":{"line":36,"column":65}}]}},"s":{"0":1,"1":1,"2":1,"3":2,"4":1,"5":1,"6":1,"7":2,"8":2,"9":1,"10":1,"11":1,"12":1,"13":1,"14":1,"15":1,"16":1,"17":1},"f":{"0":2,"1":2},"b":{"0":[1],"1":[2,2,2,2,1,1,1,1,1,1,1,1,1,1],"2":[0,1],"3":[1,1]}}
,"C:\\Users\\rbard\\Escritorio\\Proyecto_lambda\\serverless\\src\\services\\getCharactersService.ts": {"path":"C:\\Users\\rbard\\Escritorio\\Proyecto_lambda\\serverless\\src\\services\\getCharactersService.ts","statementMap":{"0":{"start":{"line":1,"column":0},"end":{"line":1,"column":26}},"1":{"start":{"line":3,"column":0},"end":{"line":3,"column":66}},"2":{"start":{"line":5,"column":36},"end":{"line":43,"column":1}},"3":{"start":{"line":6,"column":41},"end":{"line":6,"column":45}},"4":{"start":{"line":8,"column":4},"end":{"line":8,"column":53}},"5":{"start":{"line":10,"column":4},"end":{"line":36,"column":5}},"6":{"start":{"line":12,"column":18},"end":{"line":12,"column":83}},"7":{"start":{"line":13,"column":23},"end":{"line":13,"column":43}},"8":{"start":{"line":15,"column":6},"end":{"line":35,"column":9}},"9":{"start":{"line":16,"column":8},"end":{"line":34,"column":10}},"10":{"start":{"line":38,"column":4},"end":{"line":40,"column":5}},"11":{"start":{"line":39,"column":6},"end":{"line":39,"column":66}},"12":{"start":{"line":42,"column":4},"end":{"line":42,"column":22}},"13":{"start":{"line":5,"column":13},"end":{"line":5,"column":36}}},"fnMap":{"0":{"name":"(anonymous_1)","decl":{"start":{"line":5,"column":36},"end":{"line":5,"column":41}},"loc":{"start":{"line":5,"column":88},"end":{"line":43,"column":1}}},"1":{"name":"(anonymous_2)","decl":{"start":{"line":15,"column":45},"end":{"line":15,"column":46}},"loc":{"start":{"line":15,"column":83},"end":{"line":35,"column":7}}}},"branchMap":{"0":{"loc":{"start":{"line":10,"column":4},"end":{"line":36,"column":5}},"type":"if","locations":[{"start":{"line":10,"column":4},"end":{"line":36,"column":5}}]},"1":{"loc":{"start":{"line":19,"column":18},"end":{"line":19,"column":53}},"type":"binary-expr","locations":[{"start":{"line":19,"column":18},"end":{"line":19,"column":48}},{"start":{"line":19,"column":52},"end":{"line":19,"column":53}}]},"2":{"loc":{"start":{"line":20,"column":16},"end":{"line":20,"column":49}},"type":"binary-expr","locations":[{"start":{"line":20,"column":16},"end":{"line":20,"column":44}},{"start":{"line":20,"column":48},"end":{"line":20,"column":49}}]},"3":{"loc":{"start":{"line":21,"column":28},"end":{"line":21,"column":58}},"type":"binary-expr","locations":[{"start":{"line":21,"column":28},"end":{"line":21,"column":52}},{"start":{"line":21,"column":56},"end":{"line":21,"column":58}}]},"4":{"loc":{"start":{"line":22,"column":25},"end":{"line":22,"column":55}},"type":"binary-expr","locations":[{"start":{"line":22,"column":25},"end":{"line":22,"column":49}},{"start":{"line":22,"column":53},"end":{"line":22,"column":55}}]},"5":{"loc":{"start":{"line":23,"column":25},"end":{"line":23,"column":54}},"type":"binary-expr","locations":[{"start":{"line":23,"column":25},"end":{"line":23,"column":48}},{"start":{"line":23,"column":52},"end":{"line":23,"column":54}}]},"6":{"loc":{"start":{"line":24,"column":29},"end":{"line":24,"column":59}},"type":"binary-expr","locations":[{"start":{"line":24,"column":29},"end":{"line":24,"column":53}},{"start":{"line":24,"column":57},"end":{"line":24,"column":59}}]},"7":{"loc":{"start":{"line":25,"column":18},"end":{"line":25,"column":44}},"type":"binary-expr","locations":[{"start":{"line":25,"column":18},"end":{"line":25,"column":38}},{"start":{"line":25,"column":42},"end":{"line":25,"column":44}}]},"8":{"loc":{"start":{"line":26,"column":29},"end":{"line":26,"column":58}},"type":"binary-expr","locations":[{"start":{"line":26,"column":29},"end":{"line":26,"column":52}},{"start":{"line":26,"column":56},"end":{"line":26,"column":58}}]},"9":{"loc":{"start":{"line":27,"column":21},"end":{"line":27,"column":46}},"type":"binary-expr","locations":[{"start":{"line":27,"column":21},"end":{"line":27,"column":40}},{"start":{"line":27,"column":44},"end":{"line":27,"column":46}}]},"10":{"loc":{"start":{"line":28,"column":20},"end":{"line":28,"column":47}},"type":"binary-expr","locations":[{"start":{"line":28,"column":20},"end":{"line":28,"column":41}},{"start":{"line":28,"column":45},"end":{"line":28,"column":47}}]},"11":{"loc":{"start":{"line":29,"column":21},"end":{"line":29,"column":49}},"type":"binary-expr","locations":[{"start":{"line":29,"column":21},"end":{"line":29,"column":43}},{"start":{"line":29,"column":47},"end":{"line":29,"column":49}}]},"12":{"loc":{"start":{"line":30,"column":28},"end":{"line":30,"column":57}},"type":"binary-expr","locations":[{"start":{"line":30,"column":28},"end":{"line":30,"column":51}},{"start":{"line":30,"column":55},"end":{"line":30,"column":57}}]},"13":{"loc":{"start":{"line":31,"column":18},"end":{"line":31,"column":45}},"type":"binary-expr","locations":[{"start":{"line":31,"column":18},"end":{"line":31,"column":39}},{"start":{"line":31,"column":43},"end":{"line":31,"column":45}}]},"14":{"loc":{"start":{"line":32,"column":19},"end":{"line":32,"column":45}},"type":"binary-expr","locations":[{"start":{"line":32,"column":19},"end":{"line":32,"column":39}},{"start":{"line":32,"column":43},"end":{"line":32,"column":45}}]},"15":{"loc":{"start":{"line":33,"column":15},"end":{"line":33,"column":38}},"type":"binary-expr","locations":[{"start":{"line":33,"column":15},"end":{"line":33,"column":32}},{"start":{"line":33,"column":36},"end":{"line":33,"column":38}}]},"16":{"loc":{"start":{"line":38,"column":4},"end":{"line":40,"column":5}},"type":"if","locations":[{"start":{"line":38,"column":4},"end":{"line":40,"column":5}}]},"17":{"loc":{"start":{"line":38,"column":8},"end":{"line":38,"column":53}},"type":"binary-expr","locations":[{"start":{"line":38,"column":8},"end":{"line":38,"column":26}},{"start":{"line":38,"column":30},"end":{"line":38,"column":53}}]}},"s":{"0":2,"1":2,"2":2,"3":1,"4":1,"5":1,"6":1,"7":1,"8":1,"9":1,"10":1,"11":0,"12":1,"13":2},"f":{"0":1,"1":1},"b":{"0":[1],"1":[1,1],"2":[1,1],"3":[1,1],"4":[1,1],"5":[1,1],"6":[1,1],"7":[1,1],"8":[1,1],"9":[1,1],"10":[1,1],"11":[1,1],"12":[1,1],"13":[1,1],"14":[1,1],"15":[1,1],"16":[0],"17":[1,1]}}
}
