TN:
SF:src\controllers\getCharacters.ts
FN:4,(anonymous_0)
FNF:1
FNH:1
FNDA:2,(anonymous_0)
DA:2,1
DA:4,1
DA:5,2
DA:7,2
DA:10,2
DA:12,1
DA:17,1
LF:7
LH:7
BRDA:7,0,0,2
BRDA:7,0,1,1
BRDA:7,1,0,0
BRDA:7,1,1,2
BRDA:7,2,0,2
BRDA:7,2,1,2
BRDA:19,3,0,0
BRDA:19,3,1,1
BRDA:19,4,0,1
BRDA:19,4,1,1
BRF:10
BRH:8
end_of_record
TN:
SF:src\repositories\characterRepository.ts
FN:6,(anonymous_0)
FNF:1
FNH:1
FNDA:1,(anonymous_0)
DA:1,2
DA:4,2
DA:6,2
DA:7,1
DA:29,1
LF:5
LH:5
BRF:0
BRH:0
end_of_record
TN:
SF:src\repositories\saveCharacters.ts
FN:8,(anonymous_0)
FNF:1
FNH:1
FNDA:1,(anonymous_0)
DA:1,3
DA:4,3
DA:5,3
DA:6,3
DA:8,3
DA:9,1
DA:10,1
DA:23,1
DA:24,1
DA:26,1
DA:28,1
DA:32,0
DA:36,0
LF:13
LH:11
BRDA:26,0,0,1
BRDA:26,0,1,0
BRDA:26,1,0,1
BRDA:26,1,1,1
BRF:4
BRH:3
end_of_record
TN:
SF:src\services\characterService.ts
FN:5,(anonymous_0)
FN:17,(anonymous_1)
FNF:2
FNH:2
FNDA:2,(anonymous_0)
FNDA:2,(anonymous_1)
DA:1,1
DA:3,1
DA:5,1
DA:7,2
DA:11,1
DA:14,1
DA:17,1
DA:18,2
DA:20,2
DA:23,1
DA:24,1
DA:26,1
DA:27,1
DA:28,1
DA:31,1
DA:33,1
DA:36,1
LF:17
LH:17
BRDA:7,0,0,1
BRDA:7,1,0,2
BRDA:7,1,1,2
BRDA:7,1,2,2
BRDA:7,1,3,2
BRDA:7,1,4,1
BRDA:7,1,5,1
BRDA:7,1,6,1
BRDA:7,1,7,1
BRDA:7,1,8,1
BRDA:7,1,9,1
BRDA:7,1,10,1
BRDA:7,1,11,1
BRDA:7,1,12,1
BRDA:7,1,13,1
BRDA:36,2,0,0
BRDA:36,2,1,1
BRDA:36,3,0,1
BRDA:36,3,1,1
BRF:19
BRH:18
end_of_record
TN:
SF:src\services\getCharactersService.ts
FN:5,(anonymous_1)
FN:15,(anonymous_2)
FNF:2
FNH:2
FNDA:1,(anonymous_1)
FNDA:1,(anonymous_2)
DA:1,2
DA:3,2
DA:5,2
DA:6,1
DA:8,1
DA:10,1
DA:12,1
DA:13,1
DA:15,1
DA:16,1
DA:38,1
DA:39,0
DA:42,1
LF:13
LH:12
BRDA:10,0,0,1
BRDA:19,1,0,1
BRDA:19,1,1,1
BRDA:20,2,0,1
BRDA:20,2,1,1
BRDA:21,3,0,1
BRDA:21,3,1,1
BRDA:22,4,0,1
BRDA:22,4,1,1
BRDA:23,5,0,1
BRDA:23,5,1,1
BRDA:24,6,0,1
BRDA:24,6,1,1
BRDA:25,7,0,1
BRDA:25,7,1,1
BRDA:26,8,0,1
BRDA:26,8,1,1
BRDA:27,9,0,1
BRDA:27,9,1,1
BRDA:28,10,0,1
BRDA:28,10,1,1
BRDA:29,11,0,1
BRDA:29,11,1,1
BRDA:30,12,0,1
BRDA:30,12,1,1
BRDA:31,13,0,1
BRDA:31,13,1,1
BRDA:32,14,0,1
BRDA:32,14,1,1
BRDA:33,15,0,1
BRDA:33,15,1,1
BRDA:38,16,0,0
BRDA:38,17,0,1
BRDA:38,17,1,1
BRF:34
BRH:33
end_of_record
